#
# A fatal error has been detected by the Java Runtime Environment:
#
#  EXCEPTION_ACCESS_VIOLATION (0xc0000005) at pc=0x00007ffba5b492a0, pid=14992, tid=21756
#
# JRE version: Java(TM) SE Runtime Environment 18.9 (11.0.13+10) (build 11.0.13+10-LTS-370)
# Java VM: Java HotSpot(TM) 64-Bit Server VM 18.9 (11.0.13+10-LTS-370, mixed mode, tiered, compressed oops, g1 gc, windows-amd64)
# Problematic frame:
# C  [msvcp140.dll+0x192a0]
#
# No core dump will be written. Minidumps are not enabled by default on client versions of Windows
#
# If you would like to submit a bug report, please visit:
#   https://bugreport.java.com/bugreport/crash.jsp
# The crash happened outside the Java Virtual Machine in native code.
# See problematic frame for where to report the bug.
#

---------------  S U M M A R Y ------------

Command Line: -agentlib:jdwp=transport=dt_socket,address=127.0.0.1:63961,suspend=y,server=n -javaagent:C:\Users\guoyingdong\AppData\Local\JetBrains\IntelliJIdea2023.3\captureAgent\debugger-agent.jar -Dfile.encoding=UTF-8 RasterGdalTest

Host: Intel(R) Core(TM) i7-10700 CPU @ 2.90GHz, 16 cores, 15G,  Windows 10 , 64 bit Build 19041 (10.0.19041.1202)
Time: Mon Dec  9 18:32:00 2024 中国标准时间 elapsed time: 2.789909 seconds (0d 0h 0m 2s)

---------------  T H R E A D  ---------------

Current thread (0x00000208ffb28800):  JavaThread "main" [_thread_in_native, id=21756, stack(0x000000bfd7900000,0x000000bfd7a00000)]

Stack: [0x000000bfd7900000,0x000000bfd7a00000],  sp=0x000000bfd79ff160,  free space=1020k
Native frames: (J=compiled Java code, j=interpreted, Vv=VM code, C=native code)
C  [msvcp140.dll+0x192a0]
C  [gdal.dll+0xc2757d]

Java frames: (J=compiled Java code, j=interpreted, Vv=VM code)
j  org.gdal.gdal.gdalJNI.Open__SWIG_0(Ljava/lang/String;I)J+0
j  org.gdal.gdal.gdal.Open(Ljava/lang/String;I)Lorg/gdal/gdal/Dataset;+2
j  RasterGdalTest.main([Ljava/lang/String;)V+5
v  ~StubRoutines::call_stub

siginfo: EXCEPTION_ACCESS_VIOLATION (0xc0000005), reading address 0x0000000000000000


Register to memory mapping:

RIP=0x00007ffba5b492a0 msvcp140.dll
RAX=0x0 is NULL
RBX=0x00000208a480cb70 points into unknown readable memory: 0x656a6f72702f3a46 | 46 3a 2f 70 72 6f 6a 65
RCX=0x00007ffb92b186f8 gdal.dll
RDX=0x0 is NULL
RSP=0x000000bfd79ff160 is pointing into the stack for thread: 0x00000208ffb28800
RBP=0x000000bfd79ff400 is pointing into the stack for thread: 0x00000208ffb28800
RSI=0x00007ffb92b186f0 gdal.dll
RDI=0x0000000000004000 is an unknown value
R8 =0x0000000000000009 is an unknown value
R9 =0x0 is NULL
R10=0xfefefefefefefeff is an unknown value
R11=0x8080808080808080 is an unknown value
R12=0x000000bfd79ff440 is pointing into the stack for thread: 0x00000208ffb28800
R13=0x0 is NULL
R14=0x0 is NULL
R15=0x0000000000000042 is an unknown value


Registers:
RAX=0x0000000000000000, RBX=0x00000208a480cb70, RCX=0x00007ffb92b186f8, RDX=0x0000000000000000
RSP=0x000000bfd79ff160, RBP=0x000000bfd79ff400, RSI=0x00007ffb92b186f0, RDI=0x0000000000004000
R8 =0x0000000000000009, R9 =0x0000000000000000, R10=0xfefefefefefefeff, R11=0x8080808080808080
R12=0x000000bfd79ff440, R13=0x0000000000000000, R14=0x0000000000000000, R15=0x0000000000000042
RIP=0x00007ffba5b492a0, EFLAGS=0x0000000000010286

Top of Stack: (sp=0x000000bfd79ff160)
0x000000bfd79ff160:   0000000000000021 00007ffc40adb3c7
0x000000bfd79ff170:   00000208fd2f0000 00007ffb00000000
0x000000bfd79ff180:   0000000000000042 00000208a480c530
0x000000bfd79ff190:   00007f7cffccfe70 0000000000000000
0x000000bfd79ff1a0:   00000208a480c530 0000000000004000
0x000000bfd79ff1b0:   ffffffffffffffff 00007ffb923c757d
0x000000bfd79ff1c0:   0000000000000000 0000000000000036
0x000000bfd79ff1d0:   00000208a480cb70 00000208ffc90000
0x000000bfd79ff1e0:   00007ffb92b186f0 00007ffb917bc93e
0x000000bfd79ff1f0:   0000000000000036 0000020887560fd7
0x000000bfd79ff200:   00000208ffb29030 0000ddc6a8e7ff60
0x000000bfd79ff210:   0000000000000042 00000208a480c530
0x000000bfd79ff220:   0000000000000000 0000000000000000
0x000000bfd79ff230:   0000000000004000 ffffffffffffffff
0x000000bfd79ff240:   000000bfd79ff400 00007ffb923c6d8d
0x000000bfd79ff250:   000000bfd79ff400 000000bfd79ff720 

Instructions: (pc=0x00007ffba5b492a0)
0x00007ffba5b49280:   e9 f3 00 00 00 4d 85 f6 75 24 ff 15 a8 8d 03 00
0x00007ffba5b49290:   39 46 48 0f 84 9d 00 00 00 48 8d 4e 08 48 8b 01
0x00007ffba5b492a0:   48 8b 00 ff 15 57 93 03 00 e9 88 00 00 00 48 83
0x00007ffba5b492b0:   3a 00 7c 62 75 06 83 7a 08 00 7e 5a ba 01 00 00 


Stack slot to memory mapping:
stack at sp + 0 slots: 0x0000000000000021 is an unknown value
stack at sp + 1 slots: 0x00007ffc40adb3c7 ntdll.dll
stack at sp + 2 slots: 0x00000208fd2f0000 points into unknown readable memory: 0x0000000000000000 | 00 00 00 00 00 00 00 00
stack at sp + 3 slots: 0x00007ffb00000000 is an unknown value
stack at sp + 4 slots: 0x0000000000000042 is an unknown value
stack at sp + 5 slots: 0x00000208a480c530 points into unknown readable memory: 0x656a6f72702f3a46 | 46 3a 2f 70 72 6f 6a 65
stack at sp + 6 slots: 0x00007f7cffccfe70 is an unknown value
stack at sp + 7 slots: 0x0 is NULL


---------------  P R O C E S S  ---------------

Threads class SMR info:
_java_thread_list=0x00000208a4829580, length=15, elements={
0x00000208ffb28800, 0x00000208a42c8000, 0x00000208a42ca800, 0x00000208a435a800,
0x00000208a435c800, 0x00000208a435d800, 0x00000208a4365000, 0x00000208a4368000,
0x00000208a436c800, 0x00000208ffd05800, 0x00000208a44e2800, 0x00000208a44e4000,
0x00000208a460a800, 0x00000208a46d8800, 0x00000208a46d9800
}

Java Threads: ( => current thread )
=>0x00000208ffb28800 JavaThread "main" [_thread_in_native, id=21756, stack(0x000000bfd7900000,0x000000bfd7a00000)]
  0x00000208a42c8000 JavaThread "Reference Handler" daemon [_thread_blocked, id=18944, stack(0x000000bfd8000000,0x000000bfd8100000)]
  0x00000208a42ca800 JavaThread "Finalizer" daemon [_thread_blocked, id=19436, stack(0x000000bfd8100000,0x000000bfd8200000)]
  0x00000208a435a800 JavaThread "Signal Dispatcher" daemon [_thread_blocked, id=3828, stack(0x000000bfd8200000,0x000000bfd8300000)]
  0x00000208a435c800 JavaThread "Attach Listener" daemon [_thread_blocked, id=24084, stack(0x000000bfd8300000,0x000000bfd8400000)]
  0x00000208a435d800 JavaThread "Service Thread" daemon [_thread_blocked, id=6268, stack(0x000000bfd8400000,0x000000bfd8500000)]
  0x00000208a4365000 JavaThread "C2 CompilerThread0" daemon [_thread_blocked, id=15892, stack(0x000000bfd8500000,0x000000bfd8600000)]
  0x00000208a4368000 JavaThread "C1 CompilerThread0" daemon [_thread_blocked, id=3464, stack(0x000000bfd8600000,0x000000bfd8700000)]
  0x00000208a436c800 JavaThread "Sweeper thread" daemon [_thread_blocked, id=22280, stack(0x000000bfd8700000,0x000000bfd8800000)]
  0x00000208ffd05800 JavaThread "Common-Cleaner" daemon [_thread_blocked, id=3984, stack(0x000000bfd8800000,0x000000bfd8900000)]
  0x00000208a44e2800 JavaThread "C1 CompilerThread1" daemon [_thread_blocked, id=25032, stack(0x000000bfd8900000,0x000000bfd8a00000)]
  0x00000208a44e4000 JavaThread "C1 CompilerThread2" daemon [_thread_blocked, id=23800, stack(0x000000bfd8a00000,0x000000bfd8b00000)]
  0x00000208a460a800 JavaThread "JDWP Transport Listener: dt_socket" daemon [_thread_blocked, id=25224, stack(0x000000bfd8d00000,0x000000bfd8e00000)]
  0x00000208a46d8800 JavaThread "JDWP Event Helper Thread" daemon [_thread_blocked, id=20448, stack(0x000000bfd8e00000,0x000000bfd8f00000)]
  0x00000208a46d9800 JavaThread "JDWP Command Reader" daemon [_thread_in_native, id=2136, stack(0x000000bfd8f00000,0x000000bfd9000000)]

Other Threads:
  0x00000208a42c5800 VMThread "VM Thread" [stack: 0x000000bfd7f00000,0x000000bfd8000000] [id=4244]
  0x00000208a4663000 WatcherThread [stack: 0x000000bfd9000000,0x000000bfd9100000] [id=25468]
  0x00000208ff59e000 GCTaskThread "GC Thread#0" [stack: 0x000000bfd7a00000,0x000000bfd7b00000] [id=22712]
  0x00000208ffb4e000 ConcurrentGCThread "G1 Main Marker" [stack: 0x000000bfd7b00000,0x000000bfd7c00000] [id=23796]
  0x00000208ffb4f800 ConcurrentGCThread "G1 Conc#0" [stack: 0x000000bfd7c00000,0x000000bfd7d00000] [id=6400]
  0x00000208ffc89800 ConcurrentGCThread "G1 Refine#0" [stack: 0x000000bfd7d00000,0x000000bfd7e00000] [id=24864]
  0x00000208ffc8a800 ConcurrentGCThread "G1 Young RemSet Sampling" [stack: 0x000000bfd7e00000,0x000000bfd7f00000] [id=11752]

Threads with active compile tasks:

VM state:not at safepoint (normal execution)

VM Mutex/Monitor currently owned by a thread: None

Heap address: 0x0000000701800000, size: 4072 MB, Compressed Oops mode: Zero based, Oop shift amount: 3
Narrow klass base: 0x0000000800000000, Narrow klass shift: 0
Compressed class space size: 1073741824 Address: 0x0000000800000000

Heap:
 garbage-first heap   total 262144K, used 3072K [0x0000000701800000, 0x0000000800000000)
  region size 1024K, 5 young (5120K), 0 survivors (0K)
 Metaspace       used 6488K, capacity 6631K, committed 6784K, reserved 1056768K
  class space    used 530K, capacity 570K, committed 640K, reserved 1048576K
Heap Regions: E=young(eden), S=young(survivor), O=old, HS=humongous(starts), HC=humongous(continues), CS=collection set, F=free, A=archive, TAMS=top-at-mark-start (previous, next)
|   0|0x0000000701800000, 0x0000000701800000, 0x0000000701900000|  0%| F|  |TAMS 0x0000000701800000, 0x0000000701800000| Untracked 
|   1|0x0000000701900000, 0x0000000701900000, 0x0000000701a00000|  0%| F|  |TAMS 0x0000000701900000, 0x0000000701900000| Untracked 
|   2|0x0000000701a00000, 0x0000000701a00000, 0x0000000701b00000|  0%| F|  |TAMS 0x0000000701a00000, 0x0000000701a00000| Untracked 
|   3|0x0000000701b00000, 0x0000000701b00000, 0x0000000701c00000|  0%| F|  |TAMS 0x0000000701b00000, 0x0000000701b00000| Untracked 
|   4|0x0000000701c00000, 0x0000000701c00000, 0x0000000701d00000|  0%| F|  |TAMS 0x0000000701c00000, 0x0000000701c00000| Untracked 
|   5|0x0000000701d00000, 0x0000000701d00000, 0x0000000701e00000|  0%| F|  |TAMS 0x0000000701d00000, 0x0000000701d00000| Untracked 
|   6|0x0000000701e00000, 0x0000000701e00000, 0x0000000701f00000|  0%| F|  |TAMS 0x0000000701e00000, 0x0000000701e00000| Untracked 
|   7|0x0000000701f00000, 0x0000000701f00000, 0x0000000702000000|  0%| F|  |TAMS 0x0000000701f00000, 0x0000000701f00000| Untracked 
|   8|0x0000000702000000, 0x0000000702000000, 0x0000000702100000|  0%| F|  |TAMS 0x0000000702000000, 0x0000000702000000| Untracked 
|   9|0x0000000702100000, 0x0000000702100000, 0x0000000702200000|  0%| F|  |TAMS 0x0000000702100000, 0x0000000702100000| Untracked 
|  10|0x0000000702200000, 0x0000000702200000, 0x0000000702300000|  0%| F|  |TAMS 0x0000000702200000, 0x0000000702200000| Untracked 
|  11|0x0000000702300000, 0x0000000702300000, 0x0000000702400000|  0%| F|  |TAMS 0x0000000702300000, 0x0000000702300000| Untracked 
|  12|0x0000000702400000, 0x0000000702400000, 0x0000000702500000|  0%| F|  |TAMS 0x0000000702400000, 0x0000000702400000| Untracked 
|  13|0x0000000702500000, 0x0000000702500000, 0x0000000702600000|  0%| F|  |TAMS 0x0000000702500000, 0x0000000702500000| Untracked 
|  14|0x0000000702600000, 0x0000000702600000, 0x0000000702700000|  0%| F|  |TAMS 0x0000000702600000, 0x0000000702600000| Untracked 
|  15|0x0000000702700000, 0x0000000702700000, 0x0000000702800000|  0%| F|  |TAMS 0x0000000702700000, 0x0000000702700000| Untracked 
|  16|0x0000000702800000, 0x0000000702800000, 0x0000000702900000|  0%| F|  |TAMS 0x0000000702800000, 0x0000000702800000| Untracked 
|  17|0x0000000702900000, 0x0000000702900000, 0x0000000702a00000|  0%| F|  |TAMS 0x0000000702900000, 0x0000000702900000| Untracked 
|  18|0x0000000702a00000, 0x0000000702a00000, 0x0000000702b00000|  0%| F|  |TAMS 0x0000000702a00000, 0x0000000702a00000| Untracked 
|  19|0x0000000702b00000, 0x0000000702b00000, 0x0000000702c00000|  0%| F|  |TAMS 0x0000000702b00000, 0x0000000702b00000| Untracked 
|  20|0x0000000702c00000, 0x0000000702c00000, 0x0000000702d00000|  0%| F|  |TAMS 0x0000000702c00000, 0x0000000702c00000| Untracked 
|  21|0x0000000702d00000, 0x0000000702d00000, 0x0000000702e00000|  0%| F|  |TAMS 0x0000000702d00000, 0x0000000702d00000| Untracked 
|  22|0x0000000702e00000, 0x0000000702e00000, 0x0000000702f00000|  0%| F|  |TAMS 0x0000000702e00000, 0x0000000702e00000| Untracked 
|  23|0x0000000702f00000, 0x0000000702f00000, 0x0000000703000000|  0%| F|  |TAMS 0x0000000702f00000, 0x0000000702f00000| Untracked 
|  24|0x0000000703000000, 0x0000000703000000, 0x0000000703100000|  0%| F|  |TAMS 0x0000000703000000, 0x0000000703000000| Untracked 
|  25|0x0000000703100000, 0x0000000703100000, 0x0000000703200000|  0%| F|  |TAMS 0x0000000703100000, 0x0000000703100000| Untracked 
|  26|0x0000000703200000, 0x0000000703200000, 0x0000000703300000|  0%| F|  |TAMS 0x0000000703200000, 0x0000000703200000| Untracked 
|  27|0x0000000703300000, 0x0000000703300000, 0x0000000703400000|  0%| F|  |TAMS 0x0000000703300000, 0x0000000703300000| Untracked 
|  28|0x0000000703400000, 0x0000000703400000, 0x0000000703500000|  0%| F|  |TAMS 0x0000000703400000, 0x0000000703400000| Untracked 
|  29|0x0000000703500000, 0x0000000703500000, 0x0000000703600000|  0%| F|  |TAMS 0x0000000703500000, 0x0000000703500000| Untracked 
|  30|0x0000000703600000, 0x0000000703600000, 0x0000000703700000|  0%| F|  |TAMS 0x0000000703600000, 0x0000000703600000| Untracked 
|  31|0x0000000703700000, 0x0000000703700000, 0x0000000703800000|  0%| F|  |TAMS 0x0000000703700000, 0x0000000703700000| Untracked 
|  32|0x0000000703800000, 0x0000000703800000, 0x0000000703900000|  0%| F|  |TAMS 0x0000000703800000, 0x0000000703800000| Untracked 
|  33|0x0000000703900000, 0x0000000703900000, 0x0000000703a00000|  0%| F|  |TAMS 0x0000000703900000, 0x0000000703900000| Untracked 
|  34|0x0000000703a00000, 0x0000000703a00000, 0x0000000703b00000|  0%| F|  |TAMS 0x0000000703a00000, 0x0000000703a00000| Untracked 
|  35|0x0000000703b00000, 0x0000000703b00000, 0x0000000703c00000|  0%| F|  |TAMS 0x0000000703b00000, 0x0000000703b00000| Untracked 
|  36|0x0000000703c00000, 0x0000000703c00000, 0x0000000703d00000|  0%| F|  |TAMS 0x0000000703c00000, 0x0000000703c00000| Untracked 
|  37|0x0000000703d00000, 0x0000000703d00000, 0x0000000703e00000|  0%| F|  |TAMS 0x0000000703d00000, 0x0000000703d00000| Untracked 
|  38|0x0000000703e00000, 0x0000000703e00000, 0x0000000703f00000|  0%| F|  |TAMS 0x0000000703e00000, 0x0000000703e00000| Untracked 
|  39|0x0000000703f00000, 0x0000000703f00000, 0x0000000704000000|  0%| F|  |TAMS 0x0000000703f00000, 0x0000000703f00000| Untracked 
|  40|0x0000000704000000, 0x0000000704000000, 0x0000000704100000|  0%| F|  |TAMS 0x0000000704000000, 0x0000000704000000| Untracked 
|  41|0x0000000704100000, 0x0000000704100000, 0x0000000704200000|  0%| F|  |TAMS 0x0000000704100000, 0x0000000704100000| Untracked 
|  42|0x0000000704200000, 0x0000000704200000, 0x0000000704300000|  0%| F|  |TAMS 0x0000000704200000, 0x0000000704200000| Untracked 
|  43|0x0000000704300000, 0x0000000704300000, 0x0000000704400000|  0%| F|  |TAMS 0x0000000704300000, 0x0000000704300000| Untracked 
|  44|0x0000000704400000, 0x0000000704400000, 0x0000000704500000|  0%| F|  |TAMS 0x0000000704400000, 0x0000000704400000| Untracked 
|  45|0x0000000704500000, 0x0000000704500000, 0x0000000704600000|  0%| F|  |TAMS 0x0000000704500000, 0x0000000704500000| Untracked 
|  46|0x0000000704600000, 0x0000000704600000, 0x0000000704700000|  0%| F|  |TAMS 0x0000000704600000, 0x0000000704600000| Untracked 
|  47|0x0000000704700000, 0x0000000704700000, 0x0000000704800000|  0%| F|  |TAMS 0x0000000704700000, 0x0000000704700000| Untracked 
|  48|0x0000000704800000, 0x0000000704800000, 0x0000000704900000|  0%| F|  |TAMS 0x0000000704800000, 0x0000000704800000| Untracked 
|  49|0x0000000704900000, 0x0000000704900000, 0x0000000704a00000|  0%| F|  |TAMS 0x0000000704900000, 0x0000000704900000| Untracked 
|  50|0x0000000704a00000, 0x0000000704a00000, 0x0000000704b00000|  0%| F|  |TAMS 0x0000000704a00000, 0x0000000704a00000| Untracked 
|  51|0x0000000704b00000, 0x0000000704b00000, 0x0000000704c00000|  0%| F|  |TAMS 0x0000000704b00000, 0x0000000704b00000| Untracked 
|  52|0x0000000704c00000, 0x0000000704c00000, 0x0000000704d00000|  0%| F|  |TAMS 0x0000000704c00000, 0x0000000704c00000| Untracked 
|  53|0x0000000704d00000, 0x0000000704d00000, 0x0000000704e00000|  0%| F|  |TAMS 0x0000000704d00000, 0x0000000704d00000| Untracked 
|  54|0x0000000704e00000, 0x0000000704e00000, 0x0000000704f00000|  0%| F|  |TAMS 0x0000000704e00000, 0x0000000704e00000| Untracked 
|  55|0x0000000704f00000, 0x0000000704f00000, 0x0000000705000000|  0%| F|  |TAMS 0x0000000704f00000, 0x0000000704f00000| Untracked 
|  56|0x0000000705000000, 0x0000000705000000, 0x0000000705100000|  0%| F|  |TAMS 0x0000000705000000, 0x0000000705000000| Untracked 
|  57|0x0000000705100000, 0x0000000705100000, 0x0000000705200000|  0%| F|  |TAMS 0x0000000705100000, 0x0000000705100000| Untracked 
|  58|0x0000000705200000, 0x0000000705200000, 0x0000000705300000|  0%| F|  |TAMS 0x0000000705200000, 0x0000000705200000| Untracked 
|  59|0x0000000705300000, 0x0000000705300000, 0x0000000705400000|  0%| F|  |TAMS 0x0000000705300000, 0x0000000705300000| Untracked 
|  60|0x0000000705400000, 0x0000000705400000, 0x0000000705500000|  0%| F|  |TAMS 0x0000000705400000, 0x0000000705400000| Untracked 
|  61|0x0000000705500000, 0x0000000705500000, 0x0000000705600000|  0%| F|  |TAMS 0x0000000705500000, 0x0000000705500000| Untracked 
|  62|0x0000000705600000, 0x0000000705600000, 0x0000000705700000|  0%| F|  |TAMS 0x0000000705600000, 0x0000000705600000| Untracked 
|  63|0x0000000705700000, 0x0000000705700000, 0x0000000705800000|  0%| F|  |TAMS 0x0000000705700000, 0x0000000705700000| Untracked 
|  64|0x0000000705800000, 0x0000000705800000, 0x0000000705900000|  0%| F|  |TAMS 0x0000000705800000, 0x0000000705800000| Untracked 
|  65|0x0000000705900000, 0x0000000705900000, 0x0000000705a00000|  0%| F|  |TAMS 0x0000000705900000, 0x0000000705900000| Untracked 
|  66|0x0000000705a00000, 0x0000000705a00000, 0x0000000705b00000|  0%| F|  |TAMS 0x0000000705a00000, 0x0000000705a00000| Untracked 
|  67|0x0000000705b00000, 0x0000000705b00000, 0x0000000705c00000|  0%| F|  |TAMS 0x0000000705b00000, 0x0000000705b00000| Untracked 
|  68|0x0000000705c00000, 0x0000000705c00000, 0x0000000705d00000|  0%| F|  |TAMS 0x0000000705c00000, 0x0000000705c00000| Untracked 
|  69|0x0000000705d00000, 0x0000000705d00000, 0x0000000705e00000|  0%| F|  |TAMS 0x0000000705d00000, 0x0000000705d00000| Untracked 
|  70|0x0000000705e00000, 0x0000000705e00000, 0x0000000705f00000|  0%| F|  |TAMS 0x0000000705e00000, 0x0000000705e00000| Untracked 
|  71|0x0000000705f00000, 0x0000000705f00000, 0x0000000706000000|  0%| F|  |TAMS 0x0000000705f00000, 0x0000000705f00000| Untracked 
|  72|0x0000000706000000, 0x0000000706000000, 0x0000000706100000|  0%| F|  |TAMS 0x0000000706000000, 0x0000000706000000| Untracked 
|  73|0x0000000706100000, 0x0000000706100000, 0x0000000706200000|  0%| F|  |TAMS 0x0000000706100000, 0x0000000706100000| Untracked 
|  74|0x0000000706200000, 0x0000000706200000, 0x0000000706300000|  0%| F|  |TAMS 0x0000000706200000, 0x0000000706200000| Untracked 
|  75|0x0000000706300000, 0x0000000706300000, 0x0000000706400000|  0%| F|  |TAMS 0x0000000706300000, 0x0000000706300000| Untracked 
|  76|0x0000000706400000, 0x0000000706400000, 0x0000000706500000|  0%| F|  |TAMS 0x0000000706400000, 0x0000000706400000| Untracked 
|  77|0x0000000706500000, 0x0000000706500000, 0x0000000706600000|  0%| F|  |TAMS 0x0000000706500000, 0x0000000706500000| Untracked 
|  78|0x0000000706600000, 0x0000000706600000, 0x0000000706700000|  0%| F|  |TAMS 0x0000000706600000, 0x0000000706600000| Untracked 
|  79|0x0000000706700000, 0x0000000706700000, 0x0000000706800000|  0%| F|  |TAMS 0x0000000706700000, 0x0000000706700000| Untracked 
|  80|0x0000000706800000, 0x0000000706800000, 0x0000000706900000|  0%| F|  |TAMS 0x0000000706800000, 0x0000000706800000| Untracked 
|  81|0x0000000706900000, 0x0000000706900000, 0x0000000706a00000|  0%| F|  |TAMS 0x0000000706900000, 0x0000000706900000| Untracked 
|  82|0x0000000706a00000, 0x0000000706a00000, 0x0000000706b00000|  0%| F|  |TAMS 0x0000000706a00000, 0x0000000706a00000| Untracked 
|  83|0x0000000706b00000, 0x0000000706b00000, 0x0000000706c00000|  0%| F|  |TAMS 0x0000000706b00000, 0x0000000706b00000| Untracked 
|  84|0x0000000706c00000, 0x0000000706c00000, 0x0000000706d00000|  0%| F|  |TAMS 0x0000000706c00000, 0x0000000706c00000| Untracked 
|  85|0x0000000706d00000, 0x0000000706d00000, 0x0000000706e00000|  0%| F|  |TAMS 0x0000000706d00000, 0x0000000706d00000| Untracked 
|  86|0x0000000706e00000, 0x0000000706e00000, 0x0000000706f00000|  0%| F|  |TAMS 0x0000000706e00000, 0x0000000706e00000| Untracked 
|  87|0x0000000706f00000, 0x0000000706f00000, 0x0000000707000000|  0%| F|  |TAMS 0x0000000706f00000, 0x0000000706f00000| Untracked 
|  88|0x0000000707000000, 0x0000000707000000, 0x0000000707100000|  0%| F|  |TAMS 0x0000000707000000, 0x0000000707000000| Untracked 
|  89|0x0000000707100000, 0x0000000707100000, 0x0000000707200000|  0%| F|  |TAMS 0x0000000707100000, 0x0000000707100000| Untracked 
|  90|0x0000000707200000, 0x0000000707200000, 0x0000000707300000|  0%| F|  |TAMS 0x0000000707200000, 0x0000000707200000| Untracked 
|  91|0x0000000707300000, 0x0000000707300000, 0x0000000707400000|  0%| F|  |TAMS 0x0000000707300000, 0x0000000707300000| Untracked 
|  92|0x0000000707400000, 0x0000000707400000, 0x0000000707500000|  0%| F|  |TAMS 0x0000000707400000, 0x0000000707400000| Untracked 
|  93|0x0000000707500000, 0x0000000707500000, 0x0000000707600000|  0%| F|  |TAMS 0x0000000707500000, 0x0000000707500000| Untracked 
|  94|0x0000000707600000, 0x0000000707600000, 0x0000000707700000|  0%| F|  |TAMS 0x0000000707600000, 0x0000000707600000| Untracked 
|  95|0x0000000707700000, 0x0000000707700000, 0x0000000707800000|  0%| F|  |TAMS 0x0000000707700000, 0x0000000707700000| Untracked 
|  96|0x0000000707800000, 0x0000000707800000, 0x0000000707900000|  0%| F|  |TAMS 0x0000000707800000, 0x0000000707800000| Untracked 
|  97|0x0000000707900000, 0x0000000707900000, 0x0000000707a00000|  0%| F|  |TAMS 0x0000000707900000, 0x0000000707900000| Untracked 
|  98|0x0000000707a00000, 0x0000000707a00000, 0x0000000707b00000|  0%| F|  |TAMS 0x0000000707a00000, 0x0000000707a00000| Untracked 
|  99|0x0000000707b00000, 0x0000000707b00000, 0x0000000707c00000|  0%| F|  |TAMS 0x0000000707b00000, 0x0000000707b00000| Untracked 
| 100|0x0000000707c00000, 0x0000000707c00000, 0x0000000707d00000|  0%| F|  |TAMS 0x0000000707c00000, 0x0000000707c00000| Untracked 
| 101|0x0000000707d00000, 0x0000000707d00000, 0x0000000707e00000|  0%| F|  |TAMS 0x0000000707d00000, 0x0000000707d00000| Untracked 
| 102|0x0000000707e00000, 0x0000000707e00000, 0x0000000707f00000|  0%| F|  |TAMS 0x0000000707e00000, 0x0000000707e00000| Untracked 
| 103|0x0000000707f00000, 0x0000000707f00000, 0x0000000708000000|  0%| F|  |TAMS 0x0000000707f00000, 0x0000000707f00000| Untracked 
| 104|0x0000000708000000, 0x0000000708000000, 0x0000000708100000|  0%| F|  |TAMS 0x0000000708000000, 0x0000000708000000| Untracked 
| 105|0x0000000708100000, 0x0000000708100000, 0x0000000708200000|  0%| F|  |TAMS 0x0000000708100000, 0x0000000708100000| Untracked 
| 106|0x0000000708200000, 0x0000000708200000, 0x0000000708300000|  0%| F|  |TAMS 0x0000000708200000, 0x0000000708200000| Untracked 
| 107|0x0000000708300000, 0x0000000708300000, 0x0000000708400000|  0%| F|  |TAMS 0x0000000708300000, 0x0000000708300000| Untracked 
| 108|0x0000000708400000, 0x0000000708400000, 0x0000000708500000|  0%| F|  |TAMS 0x0000000708400000, 0x0000000708400000| Untracked 
| 109|0x0000000708500000, 0x0000000708500000, 0x0000000708600000|  0%| F|  |TAMS 0x0000000708500000, 0x0000000708500000| Untracked 
| 110|0x0000000708600000, 0x0000000708600000, 0x0000000708700000|  0%| F|  |TAMS 0x0000000708600000, 0x0000000708600000| Untracked 
| 111|0x0000000708700000, 0x0000000708700000, 0x0000000708800000|  0%| F|  |TAMS 0x0000000708700000, 0x0000000708700000| Untracked 
| 112|0x0000000708800000, 0x0000000708800000, 0x0000000708900000|  0%| F|  |TAMS 0x0000000708800000, 0x0000000708800000| Untracked 
| 113|0x0000000708900000, 0x0000000708900000, 0x0000000708a00000|  0%| F|  |TAMS 0x0000000708900000, 0x0000000708900000| Untracked 
| 114|0x0000000708a00000, 0x0000000708a00000, 0x0000000708b00000|  0%| F|  |TAMS 0x0000000708a00000, 0x0000000708a00000| Untracked 
| 115|0x0000000708b00000, 0x0000000708b00000, 0x0000000708c00000|  0%| F|  |TAMS 0x0000000708b00000, 0x0000000708b00000| Untracked 
| 116|0x0000000708c00000, 0x0000000708c00000, 0x0000000708d00000|  0%| F|  |TAMS 0x0000000708c00000, 0x0000000708c00000| Untracked 
| 117|0x0000000708d00000, 0x0000000708d00000, 0x0000000708e00000|  0%| F|  |TAMS 0x0000000708d00000, 0x0000000708d00000| Untracked 
| 118|0x0000000708e00000, 0x0000000708e00000, 0x0000000708f00000|  0%| F|  |TAMS 0x0000000708e00000, 0x0000000708e00000| Untracked 
| 119|0x0000000708f00000, 0x0000000708f00000, 0x0000000709000000|  0%| F|  |TAMS 0x0000000708f00000, 0x0000000708f00000| Untracked 
| 120|0x0000000709000000, 0x0000000709000000, 0x0000000709100000|  0%| F|  |TAMS 0x0000000709000000, 0x0000000709000000| Untracked 
| 121|0x0000000709100000, 0x0000000709100000, 0x0000000709200000|  0%| F|  |TAMS 0x0000000709100000, 0x0000000709100000| Untracked 
| 122|0x0000000709200000, 0x0000000709200000, 0x0000000709300000|  0%| F|  |TAMS 0x0000000709200000, 0x0000000709200000| Untracked 
| 123|0x0000000709300000, 0x0000000709300000, 0x0000000709400000|  0%| F|  |TAMS 0x0000000709300000, 0x0000000709300000| Untracked 
| 124|0x0000000709400000, 0x0000000709400000, 0x0000000709500000|  0%| F|  |TAMS 0x0000000709400000, 0x0000000709400000| Untracked 
| 125|0x0000000709500000, 0x0000000709500000, 0x0000000709600000|  0%| F|  |TAMS 0x0000000709500000, 0x0000000709500000| Untracked 
| 126|0x0000000709600000, 0x0000000709600000, 0x0000000709700000|  0%| F|  |TAMS 0x0000000709600000, 0x0000000709600000| Untracked 
| 127|0x0000000709700000, 0x0000000709700000, 0x0000000709800000|  0%| F|  |TAMS 0x0000000709700000, 0x0000000709700000| Untracked 
| 128|0x0000000709800000, 0x0000000709800000, 0x0000000709900000|  0%| F|  |TAMS 0x0000000709800000, 0x0000000709800000| Untracked 
| 129|0x0000000709900000, 0x0000000709900000, 0x0000000709a00000|  0%| F|  |TAMS 0x0000000709900000, 0x0000000709900000| Untracked 
| 130|0x0000000709a00000, 0x0000000709a00000, 0x0000000709b00000|  0%| F|  |TAMS 0x0000000709a00000, 0x0000000709a00000| Untracked 
| 131|0x0000000709b00000, 0x0000000709b00000, 0x0000000709c00000|  0%| F|  |TAMS 0x0000000709b00000, 0x0000000709b00000| Untracked 
| 132|0x0000000709c00000, 0x0000000709c00000, 0x0000000709d00000|  0%| F|  |TAMS 0x0000000709c00000, 0x0000000709c00000| Untracked 
| 133|0x0000000709d00000, 0x0000000709d00000, 0x0000000709e00000|  0%| F|  |TAMS 0x0000000709d00000, 0x0000000709d00000| Untracked 
| 134|0x0000000709e00000, 0x0000000709e00000, 0x0000000709f00000|  0%| F|  |TAMS 0x0000000709e00000, 0x0000000709e00000| Untracked 
| 135|0x0000000709f00000, 0x0000000709f00000, 0x000000070a000000|  0%| F|  |TAMS 0x0000000709f00000, 0x0000000709f00000| Untracked 
| 136|0x000000070a000000, 0x000000070a000000, 0x000000070a100000|  0%| F|  |TAMS 0x000000070a000000, 0x000000070a000000| Untracked 
| 137|0x000000070a100000, 0x000000070a100000, 0x000000070a200000|  0%| F|  |TAMS 0x000000070a100000, 0x000000070a100000| Untracked 
| 138|0x000000070a200000, 0x000000070a200000, 0x000000070a300000|  0%| F|  |TAMS 0x000000070a200000, 0x000000070a200000| Untracked 
| 139|0x000000070a300000, 0x000000070a300000, 0x000000070a400000|  0%| F|  |TAMS 0x000000070a300000, 0x000000070a300000| Untracked 
| 140|0x000000070a400000, 0x000000070a400000, 0x000000070a500000|  0%| F|  |TAMS 0x000000070a400000, 0x000000070a400000| Untracked 
| 141|0x000000070a500000, 0x000000070a500000, 0x000000070a600000|  0%| F|  |TAMS 0x000000070a500000, 0x000000070a500000| Untracked 
| 142|0x000000070a600000, 0x000000070a600000, 0x000000070a700000|  0%| F|  |TAMS 0x000000070a600000, 0x000000070a600000| Untracked 
| 143|0x000000070a700000, 0x000000070a700000, 0x000000070a800000|  0%| F|  |TAMS 0x000000070a700000, 0x000000070a700000| Untracked 
| 144|0x000000070a800000, 0x000000070a800000, 0x000000070a900000|  0%| F|  |TAMS 0x000000070a800000, 0x000000070a800000| Untracked 
| 145|0x000000070a900000, 0x000000070a900000, 0x000000070aa00000|  0%| F|  |TAMS 0x000000070a900000, 0x000000070a900000| Untracked 
| 146|0x000000070aa00000, 0x000000070aa00000, 0x000000070ab00000|  0%| F|  |TAMS 0x000000070aa00000, 0x000000070aa00000| Untracked 
| 147|0x000000070ab00000, 0x000000070ab00000, 0x000000070ac00000|  0%| F|  |TAMS 0x000000070ab00000, 0x000000070ab00000| Untracked 
| 148|0x000000070ac00000, 0x000000070ac00000, 0x000000070ad00000|  0%| F|  |TAMS 0x000000070ac00000, 0x000000070ac00000| Untracked 
| 149|0x000000070ad00000, 0x000000070ad00000, 0x000000070ae00000|  0%| F|  |TAMS 0x000000070ad00000, 0x000000070ad00000| Untracked 
| 150|0x000000070ae00000, 0x000000070ae00000, 0x000000070af00000|  0%| F|  |TAMS 0x000000070ae00000, 0x000000070ae00000| Untracked 
| 151|0x000000070af00000, 0x000000070af00000, 0x000000070b000000|  0%| F|  |TAMS 0x000000070af00000, 0x000000070af00000| Untracked 
| 152|0x000000070b000000, 0x000000070b000000, 0x000000070b100000|  0%| F|  |TAMS 0x000000070b000000, 0x000000070b000000| Untracked 
| 153|0x000000070b100000, 0x000000070b100000, 0x000000070b200000|  0%| F|  |TAMS 0x000000070b100000, 0x000000070b100000| Untracked 
| 154|0x000000070b200000, 0x000000070b200000, 0x000000070b300000|  0%| F|  |TAMS 0x000000070b200000, 0x000000070b200000| Untracked 
| 155|0x000000070b300000, 0x000000070b300000, 0x000000070b400000|  0%| F|  |TAMS 0x000000070b300000, 0x000000070b300000| Untracked 
| 156|0x000000070b400000, 0x000000070b400000, 0x000000070b500000|  0%| F|  |TAMS 0x000000070b400000, 0x000000070b400000| Untracked 
| 157|0x000000070b500000, 0x000000070b500000, 0x000000070b600000|  0%| F|  |TAMS 0x000000070b500000, 0x000000070b500000| Untracked 
| 158|0x000000070b600000, 0x000000070b600000, 0x000000070b700000|  0%| F|  |TAMS 0x000000070b600000, 0x000000070b600000| Untracked 
| 159|0x000000070b700000, 0x000000070b700000, 0x000000070b800000|  0%| F|  |TAMS 0x000000070b700000, 0x000000070b700000| Untracked 
| 160|0x000000070b800000, 0x000000070b800000, 0x000000070b900000|  0%| F|  |TAMS 0x000000070b800000, 0x000000070b800000| Untracked 
| 161|0x000000070b900000, 0x000000070b900000, 0x000000070ba00000|  0%| F|  |TAMS 0x000000070b900000, 0x000000070b900000| Untracked 
| 162|0x000000070ba00000, 0x000000070ba00000, 0x000000070bb00000|  0%| F|  |TAMS 0x000000070ba00000, 0x000000070ba00000| Untracked 
| 163|0x000000070bb00000, 0x000000070bb00000, 0x000000070bc00000|  0%| F|  |TAMS 0x000000070bb00000, 0x000000070bb00000| Untracked 
| 164|0x000000070bc00000, 0x000000070bc00000, 0x000000070bd00000|  0%| F|  |TAMS 0x000000070bc00000, 0x000000070bc00000| Untracked 
| 165|0x000000070bd00000, 0x000000070bd00000, 0x000000070be00000|  0%| F|  |TAMS 0x000000070bd00000, 0x000000070bd00000| Untracked 
| 166|0x000000070be00000, 0x000000070be00000, 0x000000070bf00000|  0%| F|  |TAMS 0x000000070be00000, 0x000000070be00000| Untracked 
| 167|0x000000070bf00000, 0x000000070bf00000, 0x000000070c000000|  0%| F|  |TAMS 0x000000070bf00000, 0x000000070bf00000| Untracked 
| 168|0x000000070c000000, 0x000000070c000000, 0x000000070c100000|  0%| F|  |TAMS 0x000000070c000000, 0x000000070c000000| Untracked 
| 169|0x000000070c100000, 0x000000070c100000, 0x000000070c200000|  0%| F|  |TAMS 0x000000070c100000, 0x000000070c100000| Untracked 
| 170|0x000000070c200000, 0x000000070c200000, 0x000000070c300000|  0%| F|  |TAMS 0x000000070c200000, 0x000000070c200000| Untracked 
| 171|0x000000070c300000, 0x000000070c300000, 0x000000070c400000|  0%| F|  |TAMS 0x000000070c300000, 0x000000070c300000| Untracked 
| 172|0x000000070c400000, 0x000000070c400000, 0x000000070c500000|  0%| F|  |TAMS 0x000000070c400000, 0x000000070c400000| Untracked 
| 173|0x000000070c500000, 0x000000070c500000, 0x000000070c600000|  0%| F|  |TAMS 0x000000070c500000, 0x000000070c500000| Untracked 
| 174|0x000000070c600000, 0x000000070c600000, 0x000000070c700000|  0%| F|  |TAMS 0x000000070c600000, 0x000000070c600000| Untracked 
| 175|0x000000070c700000, 0x000000070c700000, 0x000000070c800000|  0%| F|  |TAMS 0x000000070c700000, 0x000000070c700000| Untracked 
| 176|0x000000070c800000, 0x000000070c800000, 0x000000070c900000|  0%| F|  |TAMS 0x000000070c800000, 0x000000070c800000| Untracked 
| 177|0x000000070c900000, 0x000000070c900000, 0x000000070ca00000|  0%| F|  |TAMS 0x000000070c900000, 0x000000070c900000| Untracked 
| 178|0x000000070ca00000, 0x000000070ca00000, 0x000000070cb00000|  0%| F|  |TAMS 0x000000070ca00000, 0x000000070ca00000| Untracked 
| 179|0x000000070cb00000, 0x000000070cb00000, 0x000000070cc00000|  0%| F|  |TAMS 0x000000070cb00000, 0x000000070cb00000| Untracked 
| 180|0x000000070cc00000, 0x000000070cc00000, 0x000000070cd00000|  0%| F|  |TAMS 0x000000070cc00000, 0x000000070cc00000| Untracked 
| 181|0x000000070cd00000, 0x000000070cd00000, 0x000000070ce00000|  0%| F|  |TAMS 0x000000070cd00000, 0x000000070cd00000| Untracked 
| 182|0x000000070ce00000, 0x000000070ce00000, 0x000000070cf00000|  0%| F|  |TAMS 0x000000070ce00000, 0x000000070ce00000| Untracked 
| 183|0x000000070cf00000, 0x000000070cf00000, 0x000000070d000000|  0%| F|  |TAMS 0x000000070cf00000, 0x000000070cf00000| Untracked 
| 184|0x000000070d000000, 0x000000070d000000, 0x000000070d100000|  0%| F|  |TAMS 0x000000070d000000, 0x000000070d000000| Untracked 
| 185|0x000000070d100000, 0x000000070d100000, 0x000000070d200000|  0%| F|  |TAMS 0x000000070d100000, 0x000000070d100000| Untracked 
| 186|0x000000070d200000, 0x000000070d200000, 0x000000070d300000|  0%| F|  |TAMS 0x000000070d200000, 0x000000070d200000| Untracked 
| 187|0x000000070d300000, 0x000000070d300000, 0x000000070d400000|  0%| F|  |TAMS 0x000000070d300000, 0x000000070d300000| Untracked 
| 188|0x000000070d400000, 0x000000070d400000, 0x000000070d500000|  0%| F|  |TAMS 0x000000070d400000, 0x000000070d400000| Untracked 
| 189|0x000000070d500000, 0x000000070d500000, 0x000000070d600000|  0%| F|  |TAMS 0x000000070d500000, 0x000000070d500000| Untracked 
| 190|0x000000070d600000, 0x000000070d600000, 0x000000070d700000|  0%| F|  |TAMS 0x000000070d600000, 0x000000070d600000| Untracked 
| 191|0x000000070d700000, 0x000000070d700000, 0x000000070d800000|  0%| F|  |TAMS 0x000000070d700000, 0x000000070d700000| Untracked 
| 192|0x000000070d800000, 0x000000070d800000, 0x000000070d900000|  0%| F|  |TAMS 0x000000070d800000, 0x000000070d800000| Untracked 
| 193|0x000000070d900000, 0x000000070d900000, 0x000000070da00000|  0%| F|  |TAMS 0x000000070d900000, 0x000000070d900000| Untracked 
| 194|0x000000070da00000, 0x000000070da00000, 0x000000070db00000|  0%| F|  |TAMS 0x000000070da00000, 0x000000070da00000| Untracked 
| 195|0x000000070db00000, 0x000000070db00000, 0x000000070dc00000|  0%| F|  |TAMS 0x000000070db00000, 0x000000070db00000| Untracked 
| 196|0x000000070dc00000, 0x000000070dc00000, 0x000000070dd00000|  0%| F|  |TAMS 0x000000070dc00000, 0x000000070dc00000| Untracked 
| 197|0x000000070dd00000, 0x000000070dd00000, 0x000000070de00000|  0%| F|  |TAMS 0x000000070dd00000, 0x000000070dd00000| Untracked 
| 198|0x000000070de00000, 0x000000070de00000, 0x000000070df00000|  0%| F|  |TAMS 0x000000070de00000, 0x000000070de00000| Untracked 
| 199|0x000000070df00000, 0x000000070df00000, 0x000000070e000000|  0%| F|  |TAMS 0x000000070df00000, 0x000000070df00000| Untracked 
| 200|0x000000070e000000, 0x000000070e000000, 0x000000070e100000|  0%| F|  |TAMS 0x000000070e000000, 0x000000070e000000| Untracked 
| 201|0x000000070e100000, 0x000000070e100000, 0x000000070e200000|  0%| F|  |TAMS 0x000000070e100000, 0x000000070e100000| Untracked 
| 202|0x000000070e200000, 0x000000070e200000, 0x000000070e300000|  0%| F|  |TAMS 0x000000070e200000, 0x000000070e200000| Untracked 
| 203|0x000000070e300000, 0x000000070e300000, 0x000000070e400000|  0%| F|  |TAMS 0x000000070e300000, 0x000000070e300000| Untracked 
| 204|0x000000070e400000, 0x000000070e400000, 0x000000070e500000|  0%| F|  |TAMS 0x000000070e400000, 0x000000070e400000| Untracked 
| 205|0x000000070e500000, 0x000000070e500000, 0x000000070e600000|  0%| F|  |TAMS 0x000000070e500000, 0x000000070e500000| Untracked 
| 206|0x000000070e600000, 0x000000070e600000, 0x000000070e700000|  0%| F|  |TAMS 0x000000070e600000, 0x000000070e600000| Untracked 
| 207|0x000000070e700000, 0x000000070e700000, 0x000000070e800000|  0%| F|  |TAMS 0x000000070e700000, 0x000000070e700000| Untracked 
| 208|0x000000070e800000, 0x000000070e800000, 0x000000070e900000|  0%| F|  |TAMS 0x000000070e800000, 0x000000070e800000| Untracked 
| 209|0x000000070e900000, 0x000000070e900000, 0x000000070ea00000|  0%| F|  |TAMS 0x000000070e900000, 0x000000070e900000| Untracked 
| 210|0x000000070ea00000, 0x000000070ea00000, 0x000000070eb00000|  0%| F|  |TAMS 0x000000070ea00000, 0x000000070ea00000| Untracked 
| 211|0x000000070eb00000, 0x000000070eb00000, 0x000000070ec00000|  0%| F|  |TAMS 0x000000070eb00000, 0x000000070eb00000| Untracked 
| 212|0x000000070ec00000, 0x000000070ec00000, 0x000000070ed00000|  0%| F|  |TAMS 0x000000070ec00000, 0x000000070ec00000| Untracked 
| 213|0x000000070ed00000, 0x000000070ed00000, 0x000000070ee00000|  0%| F|  |TAMS 0x000000070ed00000, 0x000000070ed00000| Untracked 
| 214|0x000000070ee00000, 0x000000070ee00000, 0x000000070ef00000|  0%| F|  |TAMS 0x000000070ee00000, 0x000000070ee00000| Untracked 
| 215|0x000000070ef00000, 0x000000070ef00000, 0x000000070f000000|  0%| F|  |TAMS 0x000000070ef00000, 0x000000070ef00000| Untracked 
| 216|0x000000070f000000, 0x000000070f000000, 0x000000070f100000|  0%| F|  |TAMS 0x000000070f000000, 0x000000070f000000| Untracked 
| 217|0x000000070f100000, 0x000000070f100000, 0x000000070f200000|  0%| F|  |TAMS 0x000000070f100000, 0x000000070f100000| Untracked 
| 218|0x000000070f200000, 0x000000070f200000, 0x000000070f300000|  0%| F|  |TAMS 0x000000070f200000, 0x000000070f200000| Untracked 
| 219|0x000000070f300000, 0x000000070f300000, 0x000000070f400000|  0%| F|  |TAMS 0x000000070f300000, 0x000000070f300000| Untracked 
| 220|0x000000070f400000, 0x000000070f400000, 0x000000070f500000|  0%| F|  |TAMS 0x000000070f400000, 0x000000070f400000| Untracked 
| 221|0x000000070f500000, 0x000000070f500000, 0x000000070f600000|  0%| F|  |TAMS 0x000000070f500000, 0x000000070f500000| Untracked 
| 222|0x000000070f600000, 0x000000070f600000, 0x000000070f700000|  0%| F|  |TAMS 0x000000070f600000, 0x000000070f600000| Untracked 
| 223|0x000000070f700000, 0x000000070f700000, 0x000000070f800000|  0%| F|  |TAMS 0x000000070f700000, 0x000000070f700000| Untracked 
| 224|0x000000070f800000, 0x000000070f800000, 0x000000070f900000|  0%| F|  |TAMS 0x000000070f800000, 0x000000070f800000| Untracked 
| 225|0x000000070f900000, 0x000000070f900000, 0x000000070fa00000|  0%| F|  |TAMS 0x000000070f900000, 0x000000070f900000| Untracked 
| 226|0x000000070fa00000, 0x000000070fa00000, 0x000000070fb00000|  0%| F|  |TAMS 0x000000070fa00000, 0x000000070fa00000| Untracked 
| 227|0x000000070fb00000, 0x000000070fb00000, 0x000000070fc00000|  0%| F|  |TAMS 0x000000070fb00000, 0x000000070fb00000| Untracked 
| 228|0x000000070fc00000, 0x000000070fc00000, 0x000000070fd00000|  0%| F|  |TAMS 0x000000070fc00000, 0x000000070fc00000| Untracked 
| 229|0x000000070fd00000, 0x000000070fd00000, 0x000000070fe00000|  0%| F|  |TAMS 0x000000070fd00000, 0x000000070fd00000| Untracked 
| 230|0x000000070fe00000, 0x000000070fe00000, 0x000000070ff00000|  0%| F|  |TAMS 0x000000070fe00000, 0x000000070fe00000| Untracked 
| 231|0x000000070ff00000, 0x000000070ff00000, 0x0000000710000000|  0%| F|  |TAMS 0x000000070ff00000, 0x000000070ff00000| Untracked 
| 232|0x0000000710000000, 0x0000000710000000, 0x0000000710100000|  0%| F|  |TAMS 0x0000000710000000, 0x0000000710000000| Untracked 
| 233|0x0000000710100000, 0x0000000710100000, 0x0000000710200000|  0%| F|  |TAMS 0x0000000710100000, 0x0000000710100000| Untracked 
| 234|0x0000000710200000, 0x0000000710200000, 0x0000000710300000|  0%| F|  |TAMS 0x0000000710200000, 0x0000000710200000| Untracked 
| 235|0x0000000710300000, 0x0000000710300000, 0x0000000710400000|  0%| F|  |TAMS 0x0000000710300000, 0x0000000710300000| Untracked 
| 236|0x0000000710400000, 0x0000000710400000, 0x0000000710500000|  0%| F|  |TAMS 0x0000000710400000, 0x0000000710400000| Untracked 
| 237|0x0000000710500000, 0x0000000710500000, 0x0000000710600000|  0%| F|  |TAMS 0x0000000710500000, 0x0000000710500000| Untracked 
| 238|0x0000000710600000, 0x0000000710600000, 0x0000000710700000|  0%| F|  |TAMS 0x0000000710600000, 0x0000000710600000| Untracked 
| 239|0x0000000710700000, 0x0000000710700000, 0x0000000710800000|  0%| F|  |TAMS 0x0000000710700000, 0x0000000710700000| Untracked 
| 240|0x0000000710800000, 0x0000000710800000, 0x0000000710900000|  0%| F|  |TAMS 0x0000000710800000, 0x0000000710800000| Untracked 
| 241|0x0000000710900000, 0x0000000710900000, 0x0000000710a00000|  0%| F|  |TAMS 0x0000000710900000, 0x0000000710900000| Untracked 
| 242|0x0000000710a00000, 0x0000000710a00000, 0x0000000710b00000|  0%| F|  |TAMS 0x0000000710a00000, 0x0000000710a00000| Untracked 
| 243|0x0000000710b00000, 0x0000000710b00000, 0x0000000710c00000|  0%| F|  |TAMS 0x0000000710b00000, 0x0000000710b00000| Untracked 
| 244|0x0000000710c00000, 0x0000000710c00000, 0x0000000710d00000|  0%| F|  |TAMS 0x0000000710c00000, 0x0000000710c00000| Untracked 
| 245|0x0000000710d00000, 0x0000000710d00000, 0x0000000710e00000|  0%| F|  |TAMS 0x0000000710d00000, 0x0000000710d00000| Untracked 
| 246|0x0000000710e00000, 0x0000000710e00000, 0x0000000710f00000|  0%| F|  |TAMS 0x0000000710e00000, 0x0000000710e00000| Untracked 
| 247|0x0000000710f00000, 0x0000000710f00000, 0x0000000711000000|  0%| F|  |TAMS 0x0000000710f00000, 0x0000000710f00000| Untracked 
| 248|0x0000000711000000, 0x0000000711000000, 0x0000000711100000|  0%| F|  |TAMS 0x0000000711000000, 0x0000000711000000| Untracked 
| 249|0x0000000711100000, 0x0000000711100000, 0x0000000711200000|  0%| F|  |TAMS 0x0000000711100000, 0x0000000711100000| Untracked 
| 250|0x0000000711200000, 0x0000000711200000, 0x0000000711300000|  0%| F|  |TAMS 0x0000000711200000, 0x0000000711200000| Untracked 
| 251|0x0000000711300000, 0x00000007113bd548, 0x0000000711400000| 73%| E|  |TAMS 0x0000000711300000, 0x0000000711300000| Complete 
| 252|0x0000000711400000, 0x0000000711500000, 0x0000000711500000|100%| E|  |TAMS 0x0000000711400000, 0x0000000711400000| Complete 
| 253|0x0000000711500000, 0x0000000711600000, 0x0000000711600000|100%| E|CS|TAMS 0x0000000711500000, 0x0000000711500000| Complete 
| 254|0x0000000711600000, 0x0000000711700000, 0x0000000711700000|100%| E|CS|TAMS 0x0000000711600000, 0x0000000711600000| Complete 
| 255|0x0000000711700000, 0x0000000711800000, 0x0000000711800000|100%| E|CS|TAMS 0x0000000711700000, 0x0000000711700000| Complete 

Card table byte_map: [0x0000020897b20000,0x0000020898320000] _byte_map_base: 0x0000020894314000

Marking Bits (Prev, Next): (CMBitMap*) 0x00000208ff5de5e8, (CMBitMap*) 0x00000208ff5de620
 Prev Bits: [0x0000020898b20000, 0x000002089cac0000)
 Next Bits: [0x000002089cac0000, 0x00000208a0a60000)

Polling page: 0x00000208ff1b0000

Metaspace:

Usage:
  Non-class:      5.92 MB capacity,     5.82 MB ( 98%) used,    99.40 KB (  2%) free+waste,     3.63 KB ( <1%) overhead. 
      Class:    570.00 KB capacity,   530.80 KB ( 93%) used,    37.57 KB (  7%) free+waste,     1.63 KB ( <1%) overhead. 
       Both:      6.48 MB capacity,     6.34 MB ( 98%) used,   136.97 KB (  2%) free+waste,     5.25 KB ( <1%) overhead. 

Virtual space:
  Non-class space:        8.00 MB reserved,       6.00 MB ( 75%) committed 
      Class space:        1.00 GB reserved,     640.00 KB ( <1%) committed 
             Both:        1.01 GB reserved,       6.63 MB ( <1%) committed 

Chunk freelists:
   Non-Class:  2.38 KB
       Class:  768 bytes
        Both:  3.13 KB

CodeHeap 'non-profiled nmethods': size=119168Kb used=64Kb max_used=64Kb free=119103Kb
 bounds [0x000002088f0f0000, 0x000002088f360000, 0x0000020896550000]
CodeHeap 'profiled nmethods': size=119168Kb used=298Kb max_used=298Kb free=118869Kb
 bounds [0x0000020887c90000, 0x0000020887f00000, 0x000002088f0f0000]
CodeHeap 'non-nmethods': size=7424Kb used=2349Kb max_used=2349Kb free=5074Kb
 bounds [0x0000020887550000, 0x00000208877c0000, 0x0000020887c90000]
 total_blobs=703 nmethods=233 adapters=388
 compilation: enabled
              stopped_count=0, restarted_count=0
 full_count=0

Compilation events (10 events):
Event: 2.778 Thread 0x00000208a4368000  230       3       java.util.concurrent.ConcurrentHashMap$Traverser::<init> (36 bytes)
Event: 2.778 Thread 0x00000208a4368000 nmethod 230 0x0000020887cd7f90 code [0x0000020887cd8140, 0x0000020887cd8338]
Event: 2.778 Thread 0x00000208a44e2800 nmethod 227 0x0000020887cd8410 code [0x0000020887cd8640, 0x0000020887cd8e98]
Event: 2.778 Thread 0x00000208a4368000  231       3       java.util.concurrent.ConcurrentHashMap::values (25 bytes)
Event: 2.778 Thread 0x00000208a44e4000 nmethod 229 0x0000020887cd9190 code [0x0000020887cd9340, 0x0000020887cd9538]
Event: 2.778 Thread 0x00000208a44e2800  232       3       java.util.concurrent.ConcurrentHashMap$ValuesView::iterator (34 bytes)
Event: 2.778 Thread 0x00000208a44e4000  233       3       java.util.concurrent.ConcurrentHashMap$ValueIterator::<init> (12 bytes)
Event: 2.778 Thread 0x00000208a4368000 nmethod 231 0x0000020887cd9610 code [0x0000020887cd97c0, 0x0000020887cd9b58]
Event: 2.778 Thread 0x00000208a44e4000 nmethod 233 0x0000020887cd9c90 code [0x0000020887cd9e40, 0x0000020887cda0b8]
Event: 2.778 Thread 0x00000208a44e2800 nmethod 232 0x0000020887cda210 code [0x0000020887cda3e0, 0x0000020887cda7b8]

GC Heap History (0 events):
No events

Deoptimization events (1 events):
Event: 0.145 Thread 0x00000208ffb28800 Uncommon trap: reason=unstable_if action=reinterpret pc=0x000002088f0f9cdc method=java.lang.String.isLatin1()Z @ 10 c2

Classes redefined (0 events):
No events

Internal exceptions (0 events):
No events

Events (10 events):
Event: 0.225 Executing VM operation: GetStackTrace
Event: 0.225 Executing VM operation: GetStackTrace done
Event: 0.428 Executing VM operation: GetOrSetLocal
Event: 0.429 Executing VM operation: GetOrSetLocal done
Event: 2.774 loading class org/gdal/gdalconst/gdalconstConstants
Event: 2.774 loading class org/gdal/gdalconst/gdalconstConstants done
Event: 2.774 Thread 0x00000208a4559800 Thread exited: 0x00000208a4559800
Event: 2.775 loading class org/gdal/gdalconst/gdalconstJNI
Event: 2.775 loading class org/gdal/gdalconst/gdalconstJNI done
Event: 2.775 Thread 0x00000208a4543800 Thread exited: 0x00000208a4543800


Dynamic libraries:
0x00007ff69e250000 - 0x00007ff69e25f000 	F:\env\java\JDK11.0.13\bin\java.exe
0x00007ffc40ab0000 - 0x00007ffc40ca5000 	C:\Windows\SYSTEM32\ntdll.dll
0x00007ffc3f590000 - 0x00007ffc3f64e000 	C:\Windows\System32\KERNEL32.DLL
0x00007ffc3e5f0000 - 0x00007ffc3e8b9000 	C:\Windows\System32\KERNELBASE.dll
0x00007ffc3e4f0000 - 0x00007ffc3e5f0000 	C:\Windows\System32\ucrtbase.dll
0x00007ffba5bd0000 - 0x00007ffba5be8000 	F:\env\java\JDK11.0.13\bin\jli.dll
0x00007ffba5ec0000 - 0x00007ffba5ed5000 	F:\env\java\JDK11.0.13\bin\VCRUNTIME140.dll
0x00007ffc3eb00000 - 0x00007ffc3ebac000 	C:\Windows\System32\ADVAPI32.dll
0x00007ffc3f2d0000 - 0x00007ffc3f36e000 	C:\Windows\System32\msvcrt.dll
0x00007ffc3a8a0000 - 0x00007ffc3a9b5000 	C:\Windows\SYSTEM32\winahframe64.dll
0x00007ffc3ebb0000 - 0x00007ffc3ec4b000 	C:\Windows\System32\sechost.dll
0x00007ffc3f380000 - 0x00007ffc3f4aa000 	C:\Windows\System32\RPCRT4.dll
0x00007ffc405b0000 - 0x00007ffc40751000 	C:\Windows\System32\USER32.dll
0x00007ffc3e280000 - 0x00007ffc3e2a2000 	C:\Windows\System32\win32u.dll
0x00007ffc40a40000 - 0x00007ffc40a6b000 	C:\Windows\System32\GDI32.dll
0x00007ffc3e990000 - 0x00007ffc3ea9b000 	C:\Windows\System32\gdi32full.dll
0x00007ffc28170000 - 0x00007ffc2840a000 	C:\Windows\WinSxS\amd64_microsoft.windows.common-controls_6595b64144ccf1df_6.0.19041.1110_none_60b5254171f9507e\COMCTL32.dll
0x00007ffc40760000 - 0x00007ffc4088a000 	C:\Windows\System32\ole32.dll
0x00007ffc3e8c0000 - 0x00007ffc3e95d000 	C:\Windows\System32\msvcp_win.dll
0x00007ffc3ee10000 - 0x00007ffc3f165000 	C:\Windows\System32\combase.dll
0x00007ffc3def0000 - 0x00007ffc3defa000 	C:\Windows\SYSTEM32\VERSION.dll
0x00007ffc3ed00000 - 0x00007ffc3ed30000 	C:\Windows\System32\IMM32.DLL
0x00007ffc39030000 - 0x00007ffc3975e000 	C:\Windows\SYSTEM32\winahdcore64.dll
0x00007ffc3f170000 - 0x00007ffc3f1c5000 	C:\Windows\System32\SHLWAPI.dll
0x00007ffc3fb80000 - 0x00007ffc402bf000 	C:\Windows\System32\SHELL32.dll
0x00007ffc3f4c0000 - 0x00007ffc3f58d000 	C:\Windows\System32\OLEAUT32.dll
0x00007ffc389c0000 - 0x00007ffc389dd000 	C:\Windows\SYSTEM32\MPR.dll
0x00007ffc403a0000 - 0x00007ffc4040b000 	C:\Windows\System32\WS2_32.dll
0x00007ffc387f0000 - 0x00007ffc38817000 	C:\Windows\SYSTEM32\WINMM.dll
0x00007ffc3e300000 - 0x00007ffc3e383000 	C:\Windows\System32\bcryptPrimitives.dll
0x00007ffc37580000 - 0x00007ffc377e1000 	C:\Windows\SYSTEM32\dtframe64.dll
0x00007ffc36be0000 - 0x00007ffc36c12000 	C:\Windows\SYSTEM32\TIjtDrvd64.dll
0x00007ffc36890000 - 0x00007ffc36925000 	C:\Windows\SYSTEM32\winspool.drv
0x00007ffc36080000 - 0x00007ffc361a7000 	C:\Windows\SYSTEM32\dtsframe64.dll
0x00007ffc3d7a0000 - 0x00007ffc3d80a000 	C:\Windows\SYSTEM32\mswsock.dll
0x00007ffc3f1d0000 - 0x00007ffc3f1d8000 	C:\Windows\System32\psapi.dll
0x00007ffc07930000 - 0x00007ffc07aab000 	C:\Windows\SYSTEM32\TAuxMod64.dll
0x00007ffc2eaa0000 - 0x00007ffc2eb06000 	C:\Windows\SYSTEM32\OLEACC.dll
0x00007ffc31600000 - 0x00007ffc3160c000 	C:\Windows\SYSTEM32\WinUsb.dll
0x00007ffc3f700000 - 0x00007ffc3fb72000 	C:\Windows\System32\setupapi.dll
0x00007ffc3e2b0000 - 0x00007ffc3e2fe000 	C:\Windows\System32\cfgmgr32.dll
0x00007ffc3e960000 - 0x00007ffc3e987000 	C:\Windows\System32\bcrypt.dll
0x00007ffc35820000 - 0x00007ffc35965000 	C:\Windows\SYSTEM32\TMailHook64.dll
0x00007ffc34720000 - 0x00007ffc34939000 	C:\Windows\SYSTEM32\winncap364.dll
0x0000000066580000 - 0x000000006658d000 	C:\Program Files (x86)\360\360Safe\safemon\SafeWrapper.dll
0x00007ffc3dea0000 - 0x00007ffc3dede000 	C:\Program Files (x86)\360\360Safe\safemon\capid64.dll
0x00007ffba5b30000 - 0x00007ffba5bcb000 	F:\env\java\JDK11.0.13\bin\msvcp140.dll
0x00007ffba4530000 - 0x00007ffba5043000 	F:\env\java\JDK11.0.13\bin\server\jvm.dll
0x00007ffc222c0000 - 0x00007ffc222c9000 	C:\Windows\SYSTEM32\WSOCK32.dll
0x00007ffc3ce20000 - 0x00007ffc3ce32000 	C:\Windows\SYSTEM32\kernel.appcore.dll
0x00007ffc38820000 - 0x00007ffc38830000 	F:\env\java\JDK11.0.13\bin\verify.dll
0x00007ffc3c4d0000 - 0x00007ffc3c6b4000 	C:\Windows\SYSTEM32\DBGHELP.DLL
0x00007ffc1ce10000 - 0x00007ffc1ce3c000 	C:\Windows\SYSTEM32\dbgcore.DLL
0x00007ffba5ae0000 - 0x00007ffba5b08000 	F:\env\java\JDK11.0.13\bin\java.dll
0x00007ffbc3c10000 - 0x00007ffbc3c1a000 	F:\env\java\JDK11.0.13\bin\jimage.dll
0x00007ffbfdc80000 - 0x00007ffbfdcb8000 	F:\env\java\JDK11.0.13\bin\jdwp.dll
0x00007ffc27d80000 - 0x00007ffc27d8e000 	F:\env\java\JDK11.0.13\bin\instrument.dll
0x00007ffba5b10000 - 0x00007ffba5b26000 	F:\env\java\JDK11.0.13\bin\zip.dll
0x00007ffc3bd40000 - 0x00007ffc3c4d0000 	C:\Windows\SYSTEM32\windows.storage.dll
0x00007ffc3da20000 - 0x00007ffc3da4c000 	C:\Windows\SYSTEM32\Wldp.dll
0x00007ffc3ec50000 - 0x00007ffc3ecfd000 	C:\Windows\System32\SHCORE.dll
0x00007ffc3e110000 - 0x00007ffc3e12f000 	C:\Windows\SYSTEM32\profapi.dll
0x00007ffc279a0000 - 0x00007ffc279aa000 	F:\env\java\JDK11.0.13\bin\dt_socket.dll
0x00007ffc3d4b0000 - 0x00007ffc3d4eb000 	C:\Windows\SYSTEM32\iphlpapi.dll
0x00007ffc3f370000 - 0x00007ffc3f378000 	C:\Windows\System32\NSI.dll
0x00007ffc39010000 - 0x00007ffc3902d000 	C:\Windows\SYSTEM32\dhcpcsvc.DLL
0x00007ffba6600000 - 0x00007ffba6619000 	F:\env\java\JDK11.0.13\bin\net.dll
0x00007ffc37da0000 - 0x00007ffc37ea8000 	C:\Windows\SYSTEM32\WINHTTP.dll
0x00007ffba5bf0000 - 0x00007ffba5c02000 	F:\env\java\JDK11.0.13\bin\nio.dll
0x00007ffba66c0000 - 0x00007ffba6768000 	F:\Tools\hugo\gdalalljni.dll
0x00007ffc32740000 - 0x00007ffc3274c000 	C:\Windows\SYSTEM32\VCRUNTIME140_1.dll
0x00007ffb917a0000 - 0x00007ffb92bea000 	F:\Tools\hugo\gdal.dll
0x00007ffc3e390000 - 0x00007ffc3e4e6000 	C:\Windows\System32\CRYPT32.dll
0x00007ffc15bd0000 - 0x00007ffc15c88000 	C:\Windows\SYSTEM32\ODBC32.dll
0x00007ffba6620000 - 0x00007ffba66b4000 	F:\Tools\hugo\libcurl.dll
0x00007ffc07730000 - 0x00007ffc07749000 	F:\Tools\hugo\zlib.dll
0x00007ffba63d0000 - 0x00007ffba6533000 	F:\Tools\hugo\libxml2.dll
0x00007ffc40340000 - 0x00007ffc40396000 	C:\Windows\System32\WLDAP32.dll
0x00007ffb912b0000 - 0x00007ffb91794000 	F:\Tools\hugo\libcrypto-3-x64.dll
0x00007ffba6280000 - 0x00007ffba63ba000 	F:\Tools\hugo\libssl-3-x64.dll
0x00007ffba5d20000 - 0x00007ffba5dd2000 	F:\Tools\hugo\zstd.dll
0x00007ffb91000000 - 0x00007ffb912ac000 	F:\Tools\hugo\xerces-c_3_2.dll
0x00007ffb90cc0000 - 0x00007ffb91000000 	F:\Tools\hugo\proj_9.dll
0x00007ffba0b70000 - 0x00007ffba0cbc000 	F:\Tools\hugo\tiff.dll
0x00007ffbc6d00000 - 0x00007ffbc6d35000 	F:\Tools\hugo\libpng16.dll
0x00007ffb90a00000 - 0x00007ffb90cc0000 	F:\Tools\hugo\sqlite3.dll
0x0000000180000000 - 0x000000018004e000 	F:\Tools\hugo\LIBPQ.dll
0x00007ffba9c80000 - 0x00007ffba9cd1000 	F:\Tools\hugo\openjp2.dll
0x00007ffbef8c0000 - 0x00007ffbef8e0000 	F:\Tools\hugo\pcre.dll
0x00007ffb8fd00000 - 0x00007ffb909f5000 	F:\Tools\hugo\spatialite.dll
0x00007ffbc6110000 - 0x00007ffbc613a000 	F:\Tools\hugo\freexl.dll
0x00007ffbc2ac0000 - 0x00007ffbc2ae3000 	F:\Tools\hugo\ogdi.dll
0x00007ffb8f650000 - 0x00007ffb8fcf1000 	F:\Tools\hugo\libmysql.dll
0x00007ffba5c20000 - 0x00007ffba5d1f000 	F:\Tools\hugo\iconv-2.dll
0x00007ffba76c0000 - 0x00007ffba771c000 	F:\Tools\hugo\geos_c.dll
0x00007ffc382e0000 - 0x00007ffc382ec000 	C:\Windows\SYSTEM32\Secur32.dll
0x00007ffbc1f30000 - 0x00007ffbc1f5b000 	F:\Tools\hugo\libexpat.dll
0x00007ffc3d4f0000 - 0x00007ffc3d5bc000 	C:\Windows\SYSTEM32\DNSAPI.dll
0x00007ffc3df80000 - 0x00007ffc3df8a000 	C:\Windows\SYSTEM32\DPAPI.DLL
0x00007ffc3e090000 - 0x00007ffc3e0c1000 	C:\Windows\SYSTEM32\SSPICLI.DLL
0x00007ffb8f470000 - 0x00007ffb8f648000 	F:\Tools\hugo\geos.dll

dbghelp: loaded successfully - version: 4.0.5 - missing functions: none
symbol engine: initialized successfully - sym options: 0x614 - pdb path: .;F:\env\java\JDK11.0.13\bin;C:\Windows\SYSTEM32;C:\Windows\WinSxS\amd64_microsoft.windows.common-controls_6595b64144ccf1df_6.0.19041.1110_none_60b5254171f9507e;C:\Program Files (x86)\360\360Safe\safemon;F:\env\java\JDK11.0.13\bin\server;F:\Tools\hugo

VM Arguments:
jvm_args: -agentlib:jdwp=transport=dt_socket,address=127.0.0.1:63961,suspend=y,server=n -javaagent:C:\Users\guoyingdong\AppData\Local\JetBrains\IntelliJIdea2023.3\captureAgent\debugger-agent.jar -Dfile.encoding=UTF-8 
java_command: RasterGdalTest
java_class_path (initial): F:\Gear\gear-springboot-demo\gear-gdal\target\test-classes;F:\Gear\gear-springboot-demo\gear-gdal\target\classes;F:\env\java\repository\org\gdal\gdal\3.10.0\gdal-3.10.0.jar;C:\Program Files\JetBrains\IntelliJ IDEA 2023.3.8\lib\idea_rt.jar
Launcher Type: SUN_STANDARD

[Global flags]
     intx CICompilerCount                          = 12                                        {product} {ergonomic}
     uint ConcGCThreads                            = 3                                         {product} {ergonomic}
     uint G1ConcRefinementThreads                  = 13                                        {product} {ergonomic}
   size_t G1HeapRegionSize                         = 1048576                                   {product} {ergonomic}
    uintx GCDrainStackTargetSize                   = 64                                        {product} {ergonomic}
   size_t InitialHeapSize                          = 268435456                                 {product} {ergonomic}
   size_t MarkStackSize                            = 4194304                                   {product} {ergonomic}
   size_t MaxHeapSize                              = 4269801472                                {product} {ergonomic}
   size_t MaxNewSize                               = 2561671168                                {product} {ergonomic}
   size_t MinHeapDeltaBytes                        = 1048576                                   {product} {ergonomic}
    uintx NonNMethodCodeHeapSize                   = 7594288                                {pd product} {ergonomic}
    uintx NonProfiledCodeHeapSize                  = 122031976                              {pd product} {ergonomic}
    uintx ProfiledCodeHeapSize                     = 122031976                              {pd product} {ergonomic}
    uintx ReservedCodeCacheSize                    = 251658240                              {pd product} {ergonomic}
     bool SegmentedCodeCache                       = true                                      {product} {ergonomic}
     bool UseCompressedClassPointers               = true                                 {lp64_product} {ergonomic}
     bool UseCompressedOops                        = true                                 {lp64_product} {ergonomic}
     bool UseG1GC                                  = true                                      {product} {ergonomic}
     bool UseLargePagesIndividualAllocation        = false                                  {pd product} {ergonomic}

Logging:
Log output configuration:
 #0: stdout all=warning uptime,level,tags
 #1: stderr all=off uptime,level,tags

Environment Variables:
PATH=C:\Windows\system32;C:\Windows;C:\Windows\System32\Wbem;C:\Windows\System32\WindowsPowerShell\v1.0\;C:\Windows\System32\OpenSSH\;C:\Program Files\TortoiseGit\bin;C:\Program Files\Git\cmd;F:\env\java\JDK11.0.13\bin;F:\Tools\hugo;C:\gdal;C:\Users\guoyingdong\AppData\Local\Microsoft\WindowsApps;C:\Users\guoyingdong\AppData\Local\Programs\Microsoft VS Code\bin;C:\Program Files\JetBrains\IntelliJ IDEA 2023.3.8\bin;;C:\Users\guoyingdong\.bun\bin
USERNAME=guoyingdong
OS=Windows_NT
PROCESSOR_IDENTIFIER=Intel64 Family 6 Model 165 Stepping 5, GenuineIntel



---------------  S Y S T E M  ---------------

OS: Windows 10 , 64 bit Build 19041 (10.0.19041.1202)
Hyper-V role detected

CPU:total 16 (initial active 16) (8 cores per cpu, 2 threads per core) family 6 model 165 stepping 5 microcode 0xe2, cmov, cx8, fxsr, mmx, sse, sse2, sse3, ssse3, sse4.1, sse4.2, popcnt, avx, avx2, aes, clmul, erms, 3dnowpref, lzcnt, ht, tsc, tscinvbit, bmi1, bmi2, adx, fma

Memory: 4k page, system-wide physical 16281M (3922M free)
TotalPageFile size 42905M (AvailPageFile size 21816M)
current process WorkingSet (physical memory assigned to process): 62M, peak: 62M
current process commit charge ("private bytes"): 369M, peak: 369M

vm_info: Java HotSpot(TM) 64-Bit Server VM (11.0.13+10-LTS-370) for windows-amd64 JRE (11.0.13+10-LTS-370), built on Sep 15 2021 22:10:36 by "mach5one" with MS VC++ 15.9 (VS2017)

END.
